<?xml version="1.0" encoding="UTF-8"?>
<testsuite xmlns:xsi="http://www.w3.org/2001/XMLSchema-instance" xsi:noNamespaceSchemaLocation="https://maven.apache.org/surefire/maven-surefire-plugin/xsd/surefire-test-report-3.0.xsd" version="3.0" name="TestSuite" time="130.722" tests="10" errors="0" skipped="1" failures="2">
  <properties>
[...]
</properties>
  <testcase name="validateLoginPageTitleTest" classname="com.crm.qa.tests.loginPageTest" time="0.04">
    <failure message="expected [Free CRM #1 cloud software for any business big or small] but found [Free CRM #1 cloud software for any business large or small]" type="java.lang.AssertionError"><![CDATA[java.lang.AssertionError: expected [Free CRM #1 cloud software for any business big or small] but found [Free CRM #1 cloud software for any business large or small]
	at com.crm.qa.tests.loginPageTest.validateLoginPageTitleTest(loginPageTest.java:33)
]]></failure>
    <system-out><![CDATA[Test Suite started!
this is before test
validateLoginPageTitleTest started!
]]></system-out>
    <system-err><![CDATA[Starting ChromeDriver 81.0.4044.69 (6813546031a4bc83f717a2ef7cd4ac6ec1199132-refs/branch-heads/4044@{#776}) on port 19228
Only local connections are allowed.
Please protect ports used by ChromeDriver and related test frameworks to prevent access by malicious code.
Apr 27, 2020 1:39:26 PM org.openqa.selenium.remote.ProtocolHandshake createSession
INFO: Detected dialect: W3C
[1588012771.671][SEVERE]: Timed out receiving message from renderer: 0.100
[1588012771.841][SEVERE]: Timed out receiving message from renderer: 0.100
[1588012771.969][SEVERE]: Timed out receiving message from renderer: 0.100
[1588012772.078][SEVERE]: Timed out receiving message from renderer: 0.100
[1588012772.194][SEVERE]: Timed out receiving message from renderer: 0.100
[1588012772.332][SEVERE]: Timed out receiving message from renderer: 0.100
[1588012772.672][SEVERE]: Timed out receiving message from renderer: 0.100
[1588012772.782][SEVERE]: Timed out receiving message from renderer: 0.100
[1588012772.964][SEVERE]: Timed out receiving message from renderer: 0.100
[1588012773.090][SEVERE]: Timed out receiving message from renderer: 0.100
[1588012773.248][SEVERE]: Timed out receiving message from renderer: 0.100
[1588012773.738][SEVERE]: Timed out receiving message from renderer: 0.100
Starting ChromeDriver 81.0.4044.69 (6813546031a4bc83f717a2ef7cd4ac6ec1199132-refs/branch-heads/4044@{#776}) on port 30122
Only local connections are allowed.
Please protect ports used by ChromeDriver and related test frameworks to prevent access by malicious code.
Apr 27, 2020 1:39:44 PM org.openqa.selenium.remote.ProtocolHandshake createSession
INFO: Detected dialect: W3C
[1588012795.219][SEVERE]: Timed out receiving message from renderer: 0.100
[1588012795.323][SEVERE]: Timed out receiving message from renderer: 0.100
[1588012795.432][SEVERE]: Timed out receiving message from renderer: 0.100
[1588012795.564][SEVERE]: Timed out receiving message from renderer: 0.100
[1588012795.668][SEVERE]: Timed out receiving message from renderer: 0.100
[1588012795.775][SEVERE]: Timed out receiving message from renderer: 0.100
[1588012795.881][SEVERE]: Timed out receiving message from renderer: 0.100
[1588012799.910][SEVERE]: Timed out receiving message from renderer: 0.100
[1588012800.015][SEVERE]: Timed out receiving message from renderer: 0.100
[1588012800.127][SEVERE]: Timed out receiving message from renderer: 0.100
[1588012800.262][SEVERE]: Timed out receiving message from renderer: 0.100
[1588012800.371][SEVERE]: Timed out receiving message from renderer: 0.100
[1588012800.475][SEVERE]: Timed out receiving message from renderer: 0.100
[1588012800.588][SEVERE]: Timed out receiving message from renderer: 0.100
[1588012800.696][SEVERE]: Timed out receiving message from renderer: 0.100
[1588012800.823][SEVERE]: Timed out receiving message from renderer: 0.100
[1588012800.937][SEVERE]: Timed out receiving message from renderer: 0.100
[1588012801.057][SEVERE]: Timed out receiving message from renderer: 0.100
Starting ChromeDriver 81.0.4044.69 (6813546031a4bc83f717a2ef7cd4ac6ec1199132-refs/branch-heads/4044@{#776}) on port 26121
Only local connections are allowed.
Please protect ports used by ChromeDriver and related test frameworks to prevent access by malicious code.
Apr 27, 2020 1:40:28 PM org.openqa.selenium.remote.ProtocolHandshake createSession
INFO: Detected dialect: W3C
[1588012836.698][SEVERE]: Timed out receiving message from renderer: 0.100
[1588012836.807][SEVERE]: Timed out receiving message from renderer: 0.100
[1588012836.938][SEVERE]: Timed out receiving message from renderer: 0.100
[1588012837.043][SEVERE]: Timed out receiving message from renderer: 0.100
[1588012837.174][SEVERE]: Timed out receiving message from renderer: 0.100
[1588012837.298][SEVERE]: Timed out receiving message from renderer: 0.100
[1588012837.403][SEVERE]: Timed out receiving message from renderer: 0.100
[1588012837.511][SEVERE]: Timed out receiving message from renderer: 0.100
[1588012837.620][SEVERE]: Timed out receiving message from renderer: 0.100
[1588012837.761][SEVERE]: Timed out receiving message from renderer: 0.100
[1588012837.872][SEVERE]: Timed out receiving message from renderer: 0.100
[1588012837.977][SEVERE]: Timed out receiving message from renderer: 0.100
[1588012838.083][SEVERE]: Timed out receiving message from renderer: 0.100
[1588012838.191][SEVERE]: Timed out receiving message from renderer: 0.100
[1588012838.300][SEVERE]: Timed out receiving message from renderer: 0.100
[1588012838.461][SEVERE]: Timed out receiving message from renderer: 0.100
[1588012838.569][SEVERE]: Timed out receiving message from renderer: 0.100
[1588012838.686][SEVERE]: Timed out receiving message from renderer: 0.100
[1588012838.799][SEVERE]: Timed out receiving message from renderer: 0.100
[1588012838.903][SEVERE]: Timed out receiving message from renderer: 0.100
[1588012839.013][SEVERE]: Timed out receiving message from renderer: 0.100
[1588012839.240][SEVERE]: Timed out receiving message from renderer: 0.100
[1588012839.344][SEVERE]: Timed out receiving message from renderer: 0.100
[1588012839.452][SEVERE]: Timed out receiving message from renderer: 0.100
[1588012839.557][SEVERE]: Timed out receiving message from renderer: 0.100
[1588012839.667][SEVERE]: Timed out receiving message from renderer: 0.100
[1588012839.790][SEVERE]: Timed out receiving message from renderer: 0.100
[1588012839.896][SEVERE]: Timed out receiving message from renderer: 0.100
[1588012840.009][SEVERE]: Timed out receiving message from renderer: 0.100
[1588012840.119][SEVERE]: Timed out receiving message from renderer: 0.100
[1588012840.245][SEVERE]: Timed out receiving message from renderer: 0.100
[1588012840.356][SEVERE]: Timed out receiving message from renderer: 0.100
[1588012840.464][SEVERE]: Timed out receiving message from renderer: 0.100
[1588012840.601][SEVERE]: Timed out receiving message from renderer: 0.100
[1588012840.731][SEVERE]: Timed out receiving message from renderer: 0.100
[1588012840.835][SEVERE]: Timed out receiving message from renderer: 0.100
[1588012840.940][SEVERE]: Timed out receiving message from renderer: 0.100
[1588012841.052][SEVERE]: Timed out receiving message from renderer: 0.100
[1588012841.161][SEVERE]: Timed out receiving message from renderer: 0.100
[1588012841.268][SEVERE]: Timed out receiving message from renderer: 0.100
[1588012841.379][SEVERE]: Timed out receiving message from renderer: 0.100
[1588012841.489][SEVERE]: Timed out receiving message from renderer: 0.100
[1588012841.598][SEVERE]: Timed out receiving message from renderer: 0.100
[1588012841.705][SEVERE]: Timed out receiving message from renderer: 0.100
[1588012841.815][SEVERE]: Timed out receiving message from renderer: 0.100
[1588012841.928][SEVERE]: Timed out receiving message from renderer: 0.100
[1588012842.077][SEVERE]: Timed out receiving message from renderer: 0.100
[1588012842.262][SEVERE]: Timed out receiving message from renderer: 0.100
[1588012842.364][SEVERE]: Timed out receiving message from renderer: 0.100
[1588012842.466][SEVERE]: Timed out receiving message from renderer: 0.100
[1588012842.569][SEVERE]: Timed out receiving message from renderer: 0.100
[1588012842.673][SEVERE]: Timed out receiving message from renderer: 0.100
[1588012842.805][SEVERE]: Timed out receiving message from renderer: 0.100
[1588012842.909][SEVERE]: Timed out receiving message from renderer: 0.100
[1588012843.013][SEVERE]: Timed out receiving message from renderer: 0.100
[1588012843.117][SEVERE]: Timed out receiving message from renderer: 0.100
[1588012843.225][SEVERE]: Timed out receiving message from renderer: 0.100
[1588012843.332][SEVERE]: Timed out receiving message from renderer: 0.100
[1588012843.437][SEVERE]: Timed out receiving message from renderer: 0.100
[1588012843.541][SEVERE]: Timed out receiving message from renderer: 0.100
[1588012843.651][SEVERE]: Timed out receiving message from renderer: 0.100
[1588012843.803][SEVERE]: Timed out receiving message from renderer: 0.100
[1588012843.908][SEVERE]: Timed out receiving message from renderer: 0.100
[1588012844.015][SEVERE]: Timed out receiving message from renderer: 0.100
[1588012844.121][SEVERE]: Timed out receiving message from renderer: 0.100
[1588012844.232][SEVERE]: Timed out receiving message from renderer: 0.100
[1588012844.338][SEVERE]: Timed out receiving message from renderer: 0.100
[1588012844.445][SEVERE]: Timed out receiving message from renderer: 0.100
[1588012844.559][SEVERE]: Timed out receiving message from renderer: 0.100
[1588012844.661][SEVERE]: Timed out receiving message from renderer: 0.100
[1588012844.765][SEVERE]: Timed out receiving message from renderer: 0.100
[1588012844.876][SEVERE]: Timed out receiving message from renderer: 0.100
[1588012844.983][SEVERE]: Timed out receiving message from renderer: 0.100
[1588012845.576][SEVERE]: Timed out receiving message from renderer: 0.100
[1588012845.865][SEVERE]: Timed out receiving message from renderer: 0.100
[1588012845.967][SEVERE]: Timed out receiving message from renderer: 0.100
]]></system-err>
  </testcase>
  <testcase name="validateCRMLogoTest" classname="com.crm.qa.tests.loginPageTest" time="0.925"/>
  <testcase name="validateLoginTest" classname="com.crm.qa.tests.loginPageTest" time="18.421"/>
  <testcase name="tearDown" classname="com.crm.qa.tests.loginPageTest" time="0">
    <skipped/>
  </testcase>
  <testcase name="validateHomePageTitleTest" classname="com.crm.qa.tests.HomePageTest" time="0.007"/>
  <testcase name="validateDealsLink" classname="com.crm.qa.tests.HomePageTest" time="0.223"/>
  <testcase name="validateUsername" classname="com.crm.qa.tests.HomePageTest" time="0.092"/>
  <testcase name="tearDown" classname="com.crm.qa.tests.HomePageTest" time="22">
    <failure message="Session ID is null. Using WebDriver after calling quit()?&#10;Build info: version: &apos;3.141.59&apos;, revision: &apos;e82be7d358&apos;, time: &apos;2018-11-14T08:17:03&apos;&#10;System info: host: &apos;ATAUSER9-PC&apos;, ip: &apos;192.168.29.200&apos;, os.name: &apos;Windows 7&apos;, os.arch: &apos;amd64&apos;, os.version: &apos;6.1&apos;, java.version: &apos;1.8.0_241&apos;&#10;Driver info: driver.version: RemoteWebDriver" type="org.openqa.selenium.NoSuchSessionException"><![CDATA[org.openqa.selenium.NoSuchSessionException: 
Session ID is null. Using WebDriver after calling quit()?
Build info: version: '3.141.59', revision: 'e82be7d358', time: '2018-11-14T08:17:03'
System info: host: 'ATAUSER9-PC', ip: '192.168.29.200', os.name: 'Windows 7', os.arch: 'amd64', os.version: '6.1', java.version: '1.8.0_241'
Driver info: driver.version: RemoteWebDriver
	at com.crm.qa.tests.HomePageTest.tearDown(HomePageTest.java:47)
]]></failure>
    <system-out><![CDATA[validateContactsTable passed!
]]></system-out>
  </testcase>
  <testcase name="validateHeader" classname="com.crm.qa.tests.ContactsPageTest" time="0.046"/>
  <testcase name="validateContactsTable" classname="com.crm.qa.tests.ContactsPageTest" time="11.478"/>
</testsuite>